build/app/intermediates/manifest_merge_blame_file/debug/manifest-merger-blame-debug-report.txt
1<?xml version="1.0" encoding="utf-8"?>
2<manifest xmlns:android="http://schemas.android.com/apk/res/android"
3    package="com.example.graduationproject"
4    android:versionCode="1"
5    android:versionName="1.0.0" >
6
7    <uses-sdk
8        android:minSdkVersion="20"
9        android:targetSdkVersion="33" />
10    <!--
11         The INTERNET permission is required for development. Specifically,
12         the Flutter tool needs it to communicate with the running application
13         to allow setting breakpoints, to provide hot reload, etc.
14    -->
15    <uses-permission android:name="android.permission.INTERNET" />
15-->src\debug\AndroidManifest.xml:7:5-66
15-->src\debug\AndroidManifest.xml:7:22-64
16    <!-- Provide required visibility configuration for API level 30 and above -->
17    <queries>
17-->src\main\AndroidManifest.xml:5:13-16:23
18
19        <!-- If your app checks for SMS support -->
20        <intent>
20-->src\main\AndroidManifest.xml:7:13-10:22
21            <action android:name="android.intent.action.VIEW" />
21-->src\main\AndroidManifest.xml:8:17-69
21-->src\main\AndroidManifest.xml:8:25-66
22
23            <data android:scheme="sms" />
23-->src\main\AndroidManifest.xml:9:17-46
23-->src\main\AndroidManifest.xml:9:23-43
24        </intent>
25        <!-- If your app checks for call support -->
26        <intent>
26-->src\main\AndroidManifest.xml:12:13-15:22
27            <action android:name="android.intent.action.VIEW" />
27-->src\main\AndroidManifest.xml:8:17-69
27-->src\main\AndroidManifest.xml:8:25-66
28
29            <data android:scheme="tel" />
29-->src\main\AndroidManifest.xml:9:17-46
29-->src\main\AndroidManifest.xml:9:23-43
30        </intent>
31        <!-- Needs to be explicitly declared on Android R+ -->
32        <package android:name="com.google.android.apps.maps" />
32-->[com.google.android.gms:play-services-maps:18.1.0] AndroidManifest.xml:33:9-64
32-->[com.google.android.gms:play-services-maps:18.1.0] AndroidManifest.xml:33:18-61
33    </queries>
34
35    <uses-permission android:name="android.permission.ACCESS_FINE_LOCATION" />
35-->src\main\AndroidManifest.xml:17:13-87
35-->src\main\AndroidManifest.xml:17:30-84
36    <uses-permission android:name="android.permission.ACCESS_COARSE_LOCATION" />
36-->src\main\AndroidManifest.xml:18:13-89
36-->src\main\AndroidManifest.xml:18:30-86
37    <uses-permission android:name="android.permission.ACCESS_BACKGROUND_LOCATION" />
37-->src\main\AndroidManifest.xml:19:13-93
37-->src\main\AndroidManifest.xml:19:30-90
38    <uses-permission android:name="android.permission.WAKE_LOCK" />
38-->[:firebase_messaging] AndroidManifest.xml:10:5-68
38-->[:firebase_messaging] AndroidManifest.xml:10:22-65
39    <uses-permission android:name="android.permission.ACCESS_NETWORK_STATE" /> <!-- Permissions options for the `notification` group -->
39-->[:firebase_messaging] AndroidManifest.xml:11:5-79
39-->[:firebase_messaging] AndroidManifest.xml:11:22-76
40    <uses-permission android:name="android.permission.POST_NOTIFICATIONS" />
40-->[:firebase_messaging] AndroidManifest.xml:13:5-77
40-->[:firebase_messaging] AndroidManifest.xml:13:22-74
41    <uses-permission android:name="android.permission.FOREGROUND_SERVICE" /> <!-- Required by older versions of Google Play services to create IID tokens -->
41-->[:geolocator_android] AndroidManifest.xml:9:5-77
41-->[:geolocator_android] AndroidManifest.xml:9:22-74
42    <uses-permission android:name="com.google.android.c2dm.permission.RECEIVE" />
42-->[com.google.firebase:firebase-messaging:23.1.2] AndroidManifest.xml:28:5-82
42-->[com.google.firebase:firebase-messaging:23.1.2] AndroidManifest.xml:28:22-79
43
44    <uses-feature
44-->[com.google.android.gms:play-services-maps:18.1.0] AndroidManifest.xml:26:5-28:35
45        android:glEsVersion="0x00020000"
45-->[com.google.android.gms:play-services-maps:18.1.0] AndroidManifest.xml:27:9-41
46        android:required="true" />
46-->[com.google.android.gms:play-services-maps:18.1.0] AndroidManifest.xml:28:9-32
47
48    <permission
48-->[androidx.core:core:1.9.0] AndroidManifest.xml:22:5-24:47
49        android:name="com.example.graduationproject.DYNAMIC_RECEIVER_NOT_EXPORTED_PERMISSION"
49-->[androidx.core:core:1.9.0] AndroidManifest.xml:23:9-81
50        android:protectionLevel="signature" />
50-->[androidx.core:core:1.9.0] AndroidManifest.xml:24:9-44
51
52    <uses-permission android:name="com.example.graduationproject.DYNAMIC_RECEIVER_NOT_EXPORTED_PERMISSION" />
52-->[androidx.core:core:1.9.0] AndroidManifest.xml:26:5-97
52-->[androidx.core:core:1.9.0] AndroidManifest.xml:26:22-94
53
54    <application
55        android:name="android.app.Application"
56        android:appComponentFactory="androidx.core.app.CoreComponentFactory"
56-->[androidx.core:core:1.9.0] AndroidManifest.xml:28:18-86
57        android:debuggable="true"
58        android:icon="@mipmap/launcher_icon"
59        android:label="SMart" >
60        <activity
61            android:name="com.example.graduationproject.MainActivity"
62            android:configChanges="orientation|keyboardHidden|keyboard|screenSize|smallestScreenSize|locale|layoutDirection|fontScale|screenLayout|density|uiMode"
63            android:exported="true"
64            android:hardwareAccelerated="true"
65            android:launchMode="singleTop"
66            android:theme="@style/LaunchTheme"
67            android:windowSoftInputMode="adjustResize" >
68
69            <!--
70                 Specifies an Android theme to apply to this Activity as soon as
71                 the Android process has started. This theme is visible to the user
72                 while the Flutter UI initializes. After that, this theme continues
73                 to determine the Window background behind the Flutter UI.
74            -->
75            <meta-data
76                android:name="io.flutter.embedding.android.NormalTheme"
77                android:resource="@style/NormalTheme" />
78
79            <intent-filter>
80                <action android:name="android.intent.action.MAIN" />
81
82                <category android:name="android.intent.category.LAUNCHER" />
83            </intent-filter>
84        </activity>
85        <!--
86             Don't delete the meta-data below.
87             This is used by the Flutter tool to generate GeneratedPluginRegistrant.java
88        -->
89        <meta-data
90            android:name="flutterEmbedding"
91            android:value="2" />
92        <meta-data
93            android:name="com.google.android.geo.API_KEY"
94            android:value="AIzaSyBfkVlWH4Uy7WLVhuWyJ3DoL3ZQVymuShE" />
95
96        <service
96-->[:cloud_firestore] AndroidManifest.xml:10:9-14:19
97            android:name="com.google.firebase.components.ComponentDiscoveryService"
97-->[:cloud_firestore] AndroidManifest.xml:10:18-89
98            android:directBootAware="true"
98-->[com.google.firebase:firebase-common:20.3.2] AndroidManifest.xml:34:13-43
99            android:exported="false" >
99-->[com.google.firebase:firebase-auth:21.2.0] AndroidManifest.xml:68:13-37
100            <meta-data
100-->[:cloud_firestore] AndroidManifest.xml:11:13-13:85
101                android:name="com.google.firebase.components:io.flutter.plugins.firebase.firestore.FlutterFirebaseFirestoreRegistrar"
101-->[:cloud_firestore] AndroidManifest.xml:12:17-134
102                android:value="com.google.firebase.components.ComponentRegistrar" />
102-->[:cloud_firestore] AndroidManifest.xml:13:17-82
103            <meta-data
103-->[:firebase_auth] AndroidManifest.xml:11:13-13:85
104                android:name="com.google.firebase.components:io.flutter.plugins.firebase.auth.FlutterFirebaseAuthRegistrar"
104-->[:firebase_auth] AndroidManifest.xml:12:17-124
105                android:value="com.google.firebase.components.ComponentRegistrar" />
105-->[:firebase_auth] AndroidManifest.xml:13:17-82
106            <meta-data
106-->[:firebase_messaging] AndroidManifest.xml:38:13-40:85
107                android:name="com.google.firebase.components:io.flutter.plugins.firebase.messaging.FlutterFirebaseAppRegistrar"
107-->[:firebase_messaging] AndroidManifest.xml:39:17-128
108                android:value="com.google.firebase.components.ComponentRegistrar" />
108-->[:firebase_messaging] AndroidManifest.xml:40:17-82
109            <meta-data
109-->[:firebase_core] AndroidManifest.xml:11:13-13:85
110                android:name="com.google.firebase.components:io.flutter.plugins.firebase.core.FlutterFirebaseCoreRegistrar"
110-->[:firebase_core] AndroidManifest.xml:12:17-124
111                android:value="com.google.firebase.components.ComponentRegistrar" />
111-->[:firebase_core] AndroidManifest.xml:13:17-82
112            <meta-data
112-->[com.google.firebase:firebase-auth:21.2.0] AndroidManifest.xml:69:13-71:85
113                android:name="com.google.firebase.components:com.google.firebase.auth.FirebaseAuthRegistrar"
113-->[com.google.firebase:firebase-auth:21.2.0] AndroidManifest.xml:70:17-109
114                android:value="com.google.firebase.components.ComponentRegistrar" />
114-->[com.google.firebase:firebase-auth:21.2.0] AndroidManifest.xml:71:17-82
115            <meta-data
115-->[com.google.firebase:firebase-messaging:23.1.2] AndroidManifest.xml:55:13-57:85
116                android:name="com.google.firebase.components:com.google.firebase.messaging.FirebaseMessagingRegistrar"
116-->[com.google.firebase:firebase-messaging:23.1.2] AndroidManifest.xml:56:17-119
117                android:value="com.google.firebase.components.ComponentRegistrar" />
117-->[com.google.firebase:firebase-messaging:23.1.2] AndroidManifest.xml:57:17-82
118            <meta-data
118-->[com.google.firebase:firebase-datatransport:18.1.7] AndroidManifest.xml:27:13-29:85
119                android:name="com.google.firebase.components:com.google.firebase.datatransport.TransportRegistrar"
119-->[com.google.firebase:firebase-datatransport:18.1.7] AndroidManifest.xml:28:17-115
120                android:value="com.google.firebase.components.ComponentRegistrar" />
120-->[com.google.firebase:firebase-datatransport:18.1.7] AndroidManifest.xml:29:17-82
121            <meta-data
121-->[com.google.firebase:firebase-firestore:24.4.5] AndroidManifest.xml:19:13-21:85
122                android:name="com.google.firebase.components:com.google.firebase.firestore.FirestoreRegistrar"
122-->[com.google.firebase:firebase-firestore:24.4.5] AndroidManifest.xml:20:17-111
123                android:value="com.google.firebase.components.ComponentRegistrar" />
123-->[com.google.firebase:firebase-firestore:24.4.5] AndroidManifest.xml:21:17-82
124            <meta-data
124-->[com.google.firebase:firebase-iid:21.1.0] AndroidManifest.xml:32:13-34:85
125                android:name="com.google.firebase.components:com.google.firebase.iid.Registrar"
125-->[com.google.firebase:firebase-iid:21.1.0] AndroidManifest.xml:33:17-96
126                android:value="com.google.firebase.components.ComponentRegistrar" />
126-->[com.google.firebase:firebase-iid:21.1.0] AndroidManifest.xml:34:17-82
127            <meta-data
127-->[com.google.firebase:firebase-installations:17.1.3] AndroidManifest.xml:17:13-19:85
128                android:name="com.google.firebase.components:com.google.firebase.installations.FirebaseInstallationsRegistrar"
128-->[com.google.firebase:firebase-installations:17.1.3] AndroidManifest.xml:18:17-127
129                android:value="com.google.firebase.components.ComponentRegistrar" />
129-->[com.google.firebase:firebase-installations:17.1.3] AndroidManifest.xml:19:17-82
130        </service>
131        <service
131-->[:firebase_messaging] AndroidManifest.xml:16:9-19:72
132            android:name="io.flutter.plugins.firebase.messaging.FlutterFirebaseMessagingBackgroundService"
132-->[:firebase_messaging] AndroidManifest.xml:17:13-107
133            android:exported="false"
133-->[:firebase_messaging] AndroidManifest.xml:18:13-37
134            android:permission="android.permission.BIND_JOB_SERVICE" />
134-->[:firebase_messaging] AndroidManifest.xml:19:13-69
135        <service
135-->[:firebase_messaging] AndroidManifest.xml:20:9-26:19
136            android:name="io.flutter.plugins.firebase.messaging.FlutterFirebaseMessagingService"
136-->[:firebase_messaging] AndroidManifest.xml:21:13-97
137            android:exported="false" >
137-->[:firebase_messaging] AndroidManifest.xml:22:13-37
138            <intent-filter>
138-->[:firebase_messaging] AndroidManifest.xml:23:13-25:29
139                <action android:name="com.google.firebase.MESSAGING_EVENT" />
139-->[:firebase_messaging] AndroidManifest.xml:24:17-78
139-->[:firebase_messaging] AndroidManifest.xml:24:25-75
140            </intent-filter>
141        </service>
142
143        <receiver
143-->[:firebase_messaging] AndroidManifest.xml:28:9-35:20
144            android:name="io.flutter.plugins.firebase.messaging.FlutterFirebaseMessagingReceiver"
144-->[:firebase_messaging] AndroidManifest.xml:29:13-98
145            android:exported="true"
145-->[:firebase_messaging] AndroidManifest.xml:30:13-36
146            android:permission="com.google.android.c2dm.permission.SEND" >
146-->[:firebase_messaging] AndroidManifest.xml:31:13-73
147            <intent-filter>
147-->[:firebase_messaging] AndroidManifest.xml:32:13-34:29
148                <action android:name="com.google.android.c2dm.intent.RECEIVE" />
148-->[:firebase_messaging] AndroidManifest.xml:33:17-81
148-->[:firebase_messaging] AndroidManifest.xml:33:25-78
149            </intent-filter>
150        </receiver>
151
152        <provider
152-->[:firebase_messaging] AndroidManifest.xml:43:9-47:38
153            android:name="io.flutter.plugins.firebase.messaging.FlutterFirebaseMessagingInitProvider"
153-->[:firebase_messaging] AndroidManifest.xml:44:13-102
154            android:authorities="com.example.graduationproject.flutterfirebasemessaginginitprovider"
154-->[:firebase_messaging] AndroidManifest.xml:45:13-88
155            android:exported="false"
155-->[:firebase_messaging] AndroidManifest.xml:46:13-37
156            android:initOrder="99" />
156-->[:firebase_messaging] AndroidManifest.xml:47:13-35
157
158        <service
158-->[:geolocator_android] AndroidManifest.xml:12:9-16:56
159            android:name="com.baseflow.geolocator.GeolocatorLocationService"
159-->[:geolocator_android] AndroidManifest.xml:13:13-77
160            android:enabled="true"
160-->[:geolocator_android] AndroidManifest.xml:14:13-35
161            android:exported="false"
161-->[:geolocator_android] AndroidManifest.xml:15:13-37
162            android:foregroundServiceType="location" />
162-->[:geolocator_android] AndroidManifest.xml:16:13-53
163
164        <activity
164-->[:url_launcher_android] AndroidManifest.xml:10:9-13:74
165            android:name="io.flutter.plugins.urllauncher.WebViewActivity"
165-->[:url_launcher_android] AndroidManifest.xml:11:13-74
166            android:exported="false"
166-->[:url_launcher_android] AndroidManifest.xml:12:13-37
167            android:theme="@android:style/Theme.NoTitleBar.Fullscreen" />
167-->[:url_launcher_android] AndroidManifest.xml:13:13-71
168        <activity
168-->[com.google.firebase:firebase-auth:21.2.0] AndroidManifest.xml:29:9-46:20
169            android:name="com.google.firebase.auth.internal.GenericIdpActivity"
169-->[com.google.firebase:firebase-auth:21.2.0] AndroidManifest.xml:30:13-80
170            android:excludeFromRecents="true"
170-->[com.google.firebase:firebase-auth:21.2.0] AndroidManifest.xml:31:13-46
171            android:exported="true"
171-->[com.google.firebase:firebase-auth:21.2.0] AndroidManifest.xml:32:13-36
172            android:launchMode="singleTask"
172-->[com.google.firebase:firebase-auth:21.2.0] AndroidManifest.xml:33:13-44
173            android:theme="@android:style/Theme.Translucent.NoTitleBar" >
173-->[com.google.firebase:firebase-auth:21.2.0] AndroidManifest.xml:34:13-72
174            <intent-filter>
174-->[com.google.firebase:firebase-auth:21.2.0] AndroidManifest.xml:35:13-45:29
175                <action android:name="android.intent.action.VIEW" />
175-->src\main\AndroidManifest.xml:8:17-69
175-->src\main\AndroidManifest.xml:8:25-66
176
177                <category android:name="android.intent.category.DEFAULT" />
177-->[com.google.firebase:firebase-auth:21.2.0] AndroidManifest.xml:38:17-76
177-->[com.google.firebase:firebase-auth:21.2.0] AndroidManifest.xml:38:27-73
178                <category android:name="android.intent.category.BROWSABLE" />
178-->[com.google.firebase:firebase-auth:21.2.0] AndroidManifest.xml:39:17-78
178-->[com.google.firebase:firebase-auth:21.2.0] AndroidManifest.xml:39:27-75
179
180                <data
180-->src\main\AndroidManifest.xml:9:17-46
181                    android:host="firebase.auth"
182                    android:path="/"
183                    android:scheme="genericidp" />
183-->src\main\AndroidManifest.xml:9:23-43
184            </intent-filter>
185        </activity>
186        <activity
186-->[com.google.firebase:firebase-auth:21.2.0] AndroidManifest.xml:47:9-64:20
187            android:name="com.google.firebase.auth.internal.RecaptchaActivity"
187-->[com.google.firebase:firebase-auth:21.2.0] AndroidManifest.xml:48:13-79
188            android:excludeFromRecents="true"
188-->[com.google.firebase:firebase-auth:21.2.0] AndroidManifest.xml:49:13-46
189            android:exported="true"
189-->[com.google.firebase:firebase-auth:21.2.0] AndroidManifest.xml:50:13-36
190            android:launchMode="singleTask"
190-->[com.google.firebase:firebase-auth:21.2.0] AndroidManifest.xml:51:13-44
191            android:theme="@android:style/Theme.Translucent.NoTitleBar" >
191-->[com.google.firebase:firebase-auth:21.2.0] AndroidManifest.xml:52:13-72
192            <intent-filter>
192-->[com.google.firebase:firebase-auth:21.2.0] AndroidManifest.xml:53:13-63:29
193                <action android:name="android.intent.action.VIEW" />
193-->src\main\AndroidManifest.xml:8:17-69
193-->src\main\AndroidManifest.xml:8:25-66
194
195                <category android:name="android.intent.category.DEFAULT" />
195-->[com.google.firebase:firebase-auth:21.2.0] AndroidManifest.xml:38:17-76
195-->[com.google.firebase:firebase-auth:21.2.0] AndroidManifest.xml:38:27-73
196                <category android:name="android.intent.category.BROWSABLE" />
196-->[com.google.firebase:firebase-auth:21.2.0] AndroidManifest.xml:39:17-78
196-->[com.google.firebase:firebase-auth:21.2.0] AndroidManifest.xml:39:27-75
197
198                <data
198-->src\main\AndroidManifest.xml:9:17-46
199                    android:host="firebase.auth"
200                    android:path="/"
201                    android:scheme="recaptcha" />
201-->src\main\AndroidManifest.xml:9:23-43
202            </intent-filter>
203        </activity>
204
205        <uses-library
205-->[androidx.window:window:1.0.0-beta04] AndroidManifest.xml:25:9-27:40
206            android:name="androidx.window.extensions"
206-->[androidx.window:window:1.0.0-beta04] AndroidManifest.xml:26:13-54
207            android:required="false" />
207-->[androidx.window:window:1.0.0-beta04] AndroidManifest.xml:27:13-37
208        <uses-library
208-->[androidx.window:window:1.0.0-beta04] AndroidManifest.xml:28:9-30:40
209            android:name="androidx.window.sidecar"
209-->[androidx.window:window:1.0.0-beta04] AndroidManifest.xml:29:13-51
210            android:required="false" />
210-->[androidx.window:window:1.0.0-beta04] AndroidManifest.xml:30:13-37
211
212        <receiver
212-->[com.google.firebase:firebase-messaging:23.1.2] AndroidManifest.xml:31:9-38:20
213            android:name="com.google.firebase.iid.FirebaseInstanceIdReceiver"
213-->[com.google.firebase:firebase-messaging:23.1.2] AndroidManifest.xml:32:13-78
214            android:exported="true"
214-->[com.google.firebase:firebase-messaging:23.1.2] AndroidManifest.xml:33:13-36
215            android:permission="com.google.android.c2dm.permission.SEND" >
215-->[com.google.firebase:firebase-messaging:23.1.2] AndroidManifest.xml:34:13-73
216            <intent-filter>
216-->[:firebase_messaging] AndroidManifest.xml:32:13-34:29
217                <action android:name="com.google.android.c2dm.intent.RECEIVE" />
217-->[:firebase_messaging] AndroidManifest.xml:33:17-81
217-->[:firebase_messaging] AndroidManifest.xml:33:25-78
218            </intent-filter>
219        </receiver>
220        <!--
221             FirebaseMessagingService performs security checks at runtime,
222             but set to not exported to explicitly avoid allowing another app to call it.
223        -->
224        <service
224-->[com.google.firebase:firebase-messaging:23.1.2] AndroidManifest.xml:44:9-51:19
225            android:name="com.google.firebase.messaging.FirebaseMessagingService"
225-->[com.google.firebase:firebase-messaging:23.1.2] AndroidManifest.xml:45:13-82
226            android:directBootAware="true"
226-->[com.google.firebase:firebase-messaging:23.1.2] AndroidManifest.xml:46:13-43
227            android:exported="false" >
227-->[com.google.firebase:firebase-messaging:23.1.2] AndroidManifest.xml:47:13-37
228            <intent-filter android:priority="-500" >
228-->[:firebase_messaging] AndroidManifest.xml:23:13-25:29
229                <action android:name="com.google.firebase.MESSAGING_EVENT" />
229-->[:firebase_messaging] AndroidManifest.xml:24:17-78
229-->[:firebase_messaging] AndroidManifest.xml:24:25-75
230            </intent-filter>
231        </service>
232        <service
232-->[com.google.android.datatransport:transport-backend-cct:3.1.8] AndroidManifest.xml:28:9-34:19
233            android:name="com.google.android.datatransport.runtime.backends.TransportBackendDiscovery"
233-->[com.google.android.datatransport:transport-backend-cct:3.1.8] AndroidManifest.xml:29:13-103
234            android:exported="false" >
234-->[com.google.android.datatransport:transport-backend-cct:3.1.8] AndroidManifest.xml:30:13-37
235            <meta-data
235-->[com.google.android.datatransport:transport-backend-cct:3.1.8] AndroidManifest.xml:31:13-33:39
236                android:name="backend:com.google.android.datatransport.cct.CctBackendFactory"
236-->[com.google.android.datatransport:transport-backend-cct:3.1.8] AndroidManifest.xml:32:17-94
237                android:value="cct" />
237-->[com.google.android.datatransport:transport-backend-cct:3.1.8] AndroidManifest.xml:33:17-36
238        </service>
239        <service
239-->[com.google.android.datatransport:transport-runtime:3.1.8] AndroidManifest.xml:26:9-30:19
240            android:name="com.google.android.datatransport.runtime.scheduling.jobscheduling.JobInfoSchedulerService"
240-->[com.google.android.datatransport:transport-runtime:3.1.8] AndroidManifest.xml:27:13-117
241            android:exported="false"
241-->[com.google.android.datatransport:transport-runtime:3.1.8] AndroidManifest.xml:28:13-37
242            android:permission="android.permission.BIND_JOB_SERVICE" >
242-->[com.google.android.datatransport:transport-runtime:3.1.8] AndroidManifest.xml:29:13-69
243        </service>
244
245        <receiver
245-->[com.google.android.datatransport:transport-runtime:3.1.8] AndroidManifest.xml:32:9-34:40
246            android:name="com.google.android.datatransport.runtime.scheduling.jobscheduling.AlarmManagerSchedulerBroadcastReceiver"
246-->[com.google.android.datatransport:transport-runtime:3.1.8] AndroidManifest.xml:33:13-132
247            android:exported="false" />
247-->[com.google.android.datatransport:transport-runtime:3.1.8] AndroidManifest.xml:34:13-37
248
249        <provider
249-->[com.google.firebase:firebase-common:20.3.2] AndroidManifest.xml:25:9-30:39
250            android:name="com.google.firebase.provider.FirebaseInitProvider"
250-->[com.google.firebase:firebase-common:20.3.2] AndroidManifest.xml:26:13-77
251            android:authorities="com.example.graduationproject.firebaseinitprovider"
251-->[com.google.firebase:firebase-common:20.3.2] AndroidManifest.xml:27:13-72
252            android:directBootAware="true"
252-->[com.google.firebase:firebase-common:20.3.2] AndroidManifest.xml:28:13-43
253            android:exported="false"
253-->[com.google.firebase:firebase-common:20.3.2] AndroidManifest.xml:29:13-37
254            android:initOrder="100" /> <!-- Needs to be explicitly declared on P+ -->
254-->[com.google.firebase:firebase-common:20.3.2] AndroidManifest.xml:30:13-36
255        <uses-library
255-->[com.google.android.gms:play-services-maps:18.1.0] AndroidManifest.xml:39:9-41:40
256            android:name="org.apache.http.legacy"
256-->[com.google.android.gms:play-services-maps:18.1.0] AndroidManifest.xml:40:13-50
257            android:required="false" />
257-->[com.google.android.gms:play-services-maps:18.1.0] AndroidManifest.xml:41:13-37
258
259        <activity
259-->[com.google.android.gms:play-services-base:18.1.0] AndroidManifest.xml:20:9-22:45
260            android:name="com.google.android.gms.common.api.GoogleApiActivity"
260-->[com.google.android.gms:play-services-base:18.1.0] AndroidManifest.xml:20:19-85
261            android:exported="false"
261-->[com.google.android.gms:play-services-base:18.1.0] AndroidManifest.xml:22:19-43
262            android:theme="@android:style/Theme.Translucent.NoTitleBar" />
262-->[com.google.android.gms:play-services-base:18.1.0] AndroidManifest.xml:21:19-78
263
264        <meta-data
264-->[com.google.android.gms:play-services-basement:18.1.0] AndroidManifest.xml:21:9-23:69
265            android:name="com.google.android.gms.version"
265-->[com.google.android.gms:play-services-basement:18.1.0] AndroidManifest.xml:22:13-58
266            android:value="@integer/google_play_services_version" />
266-->[com.google.android.gms:play-services-basement:18.1.0] AndroidManifest.xml:23:13-66
267    </application>
268
269</manifest>